<?xml version="1.0" encoding="UTF-8"?>
<!-- Generated by org.testng.reporters.JUnitReportReporter -->
<testsuite hostname="MacBook-Air-cua-huynh.local" failures="0" tests="1" name="LAB6.LAB6" time="27.930" errors="0" timestamp="2024-01-08T23:14:33 ICT" skipped="0">
  <testcase classname="LAB6.LAB6" name="TC01_search" time="27.930"/>
</testsuite> <!-- LAB6.LAB6 -->
