<?xml version="1.0" encoding="UTF-8"?>
<!-- Generated by org.testng.reporters.JUnitReportReporter -->
<testsuite hostname="MacBook-Air-cua-huynh.local" failures="0" tests="1" name="Demo.Lab5_Example" time="14.938" errors="0" timestamp="2024-01-08T22:56:38 ICT" skipped="0">
  <testcase classname="Demo.Lab5_Example" name="TC01_GoogleSearch" time="14.938"/>
</testsuite> <!-- Demo.Lab5_Example -->
