<?xml version="1.0" encoding="UTF-8"?>
<!-- Generated by org.testng.reporters.JUnitReportReporter -->
<testsuite hostname="MacBook-Air-cua-huynh.local" failures="0" tests="1" name="Demo.lab5_vd" time="13.001" errors="0" timestamp="2023-09-28T22:00:49 ICT" skipped="0">
  <testcase classname="Demo.lab5_vd" name="TC01_GoogleSearch" time="13.001"/>
</testsuite> <!-- Demo.lab5_vd -->
