<?xml version="1.0" encoding="UTF-8"?>
<!-- Generated by org.testng.reporters.JUnitReportReporter -->
<testsuite hostname="MacBook-Air-cua-huynh.local" failures="0" tests="5" name="com.api.auto.testcase.TC_API_CreateWork" time="0.093" errors="0" timestamp="2024-01-08T23:30:00 ICT" skipped="0">
  <testcase classname="com.api.auto.testcase.TC_API_CreateWork" name="TC_01_Validate201Created" time="0.005"/>
  <system-out/>
  <testcase classname="com.api.auto.testcase.TC_API_CreateWork" name="TC_02_ValidateWorkId" time="0.002"/>
  <system-out/>
  <testcase classname="com.api.auto.testcase.TC_API_CreateWork" name="TC_03_ValidateNameOfWorkMatched" time="0.034"/>
  <system-out/>
  <testcase classname="com.api.auto.testcase.TC_API_CreateWork" name="TC_04_ValidateExperienceMatched" time="0.036"/>
  <system-out/>
  <testcase classname="com.api.auto.testcase.TC_API_CreateWork" name="TC_05_ValidateEducationMatched" time="0.016"/>
  <system-out/>
</testsuite> <!-- com.api.auto.testcase.TC_API_CreateWork -->
