<?xml version="1.0" encoding="UTF-8"?>
<!-- Generated by org.testng.reporters.JUnitReportReporter -->
<testsuite hostname="MacBook-Air-cua-huynh.local" failures="0" tests="5" name="com.api.auto.testcaseNC.TC_API_LoginNC" time="1.312" errors="0" timestamp="2023-10-14T16:45:01 ICT" skipped="0">
  <testcase classname="com.api.auto.testcaseNC.TC_API_LoginNC" name="TC_01_Validate200Ok" time="0.015"/>
  <system-out/>
  <testcase classname="com.api.auto.testcaseNC.TC_API_LoginNC" name="TC_02_ValidateMessage" time="1.164"/>
  <system-out/>
  <testcase classname="com.api.auto.testcaseNC.TC_API_LoginNC" name="TC_03_ValidateToken" time="0.052"/>
  <system-out/>
  <testcase classname="com.api.auto.testcaseNC.TC_API_LoginNC" name="TC_04_ValidateUserType" time="0.039"/>
  <system-out/>
  <testcase classname="com.api.auto.testcaseNC.TC_API_LoginNC" name="TC_05_ValidateAccount" time="0.042"/>
  <system-out/>
</testsuite> <!-- com.api.auto.testcaseNC.TC_API_LoginNC -->
