<?xml version="1.0" encoding="UTF-8"?>
<!-- Generated by org.testng.reporters.JUnitReportReporter -->
<testsuite hostname="MacBook-Air-cua-huynh.local" failures="0" tests="5" name="com.api.auto.testcaseAdv.TC_API_LoginAdv" time="0.788" errors="0" timestamp="2023-09-22T00:41:17 ICT" skipped="0">
  <testcase classname="com.api.auto.testcaseAdv.TC_API_LoginAdv" name="TC_01Validate200Ok" time="0.011"/>
  <system-out/>
  <testcase classname="com.api.auto.testcaseAdv.TC_API_LoginAdv" name="TC_02_ValidateMessage" time="0.694"/>
  <system-out/>
  <testcase classname="com.api.auto.testcaseAdv.TC_API_LoginAdv" name="TC_03_ValidateToken" time="0.026"/>
  <system-out/>
  <testcase classname="com.api.auto.testcaseAdv.TC_API_LoginAdv" name="TC_04_ValidateUserType" time="0.032"/>
  <system-out/>
  <testcase classname="com.api.auto.testcaseAdv.TC_API_LoginAdv" name="TC_05_ValidateAccount" time="0.025"/>
  <system-out/>
</testsuite> <!-- com.api.auto.testcaseAdv.TC_API_LoginAdv -->
