<?xml version="1.0" encoding="UTF-8"?>
<!-- Generated by org.testng.reporters.JUnitReportReporter -->
<testsuite hostname="MacBook-Air-cua-huynh.local" failures="0" tests="5" name="com.api.auto.testcaseAdv.TC_API_CreateWorkAdv" time="0.054" errors="0" timestamp="2023-09-22T00:41:17 ICT" skipped="0">
  <testcase classname="com.api.auto.testcaseAdv.TC_API_CreateWorkAdv" name="TC_01_Validate201Created" time="0.002"/>
  <system-out/>
  <testcase classname="com.api.auto.testcaseAdv.TC_API_CreateWorkAdv" name="TC_02_ValidateWorkId" time="0.002"/>
  <system-out/>
  <testcase classname="com.api.auto.testcaseAdv.TC_API_CreateWorkAdv" name="TC_03_ValidateNameOfWorkMatched" time="0.026"/>
  <system-out/>
  <testcase classname="com.api.auto.testcaseAdv.TC_API_CreateWorkAdv" name="TC_04_ValidateExperienceMatched" time="0.014"/>
  <system-out/>
  <testcase classname="com.api.auto.testcaseAdv.TC_API_CreateWorkAdv" name="TC_05_ValidateEducationMatched" time="0.010"/>
  <system-out/>
</testsuite> <!-- com.api.auto.testcaseAdv.TC_API_CreateWorkAdv -->
