<?xml version="1.0" encoding="UTF-8"?>
<!-- Generated by org.testng.reporters.JUnitReportReporter -->
<testsuite hostname="MacBook-Air-cua-huynh.local" failures="0" tests="5" name="com.api.auto.testcase.TC_API_Login" time="1.308" errors="0" timestamp="2024-01-08T23:30:00 ICT" skipped="0">
  <testcase classname="com.api.auto.testcase.TC_API_Login" name="TC_01_Validate200Ok" time="0.020"/>
  <system-out/>
  <testcase classname="com.api.auto.testcase.TC_API_Login" name="TC_02_ValidateMessage" time="1.163"/>
  <system-out/>
  <testcase classname="com.api.auto.testcase.TC_API_Login" name="TC_03_ValidateToken" time="0.058"/>
  <system-out/>
  <testcase classname="com.api.auto.testcase.TC_API_Login" name="TC_04_ValidateUserType" time="0.031"/>
  <system-out/>
  <testcase classname="com.api.auto.testcase.TC_API_Login" name="TC_05_ValidateAccount" time="0.036"/>
  <system-out/>
</testsuite> <!-- com.api.auto.testcase.TC_API_Login -->
