<?xml version="1.0" encoding="UTF-8"?>
<!-- Generated by org.testng.reporters.JUnitReportReporter -->
<testsuite hostname="MacBook-Air-cua-huynh.local" failures="0" tests="5" name="com.api.auto.testcaseNC.TC_API_CreateWorkNC" time="0.090" errors="0" timestamp="2023-10-14T16:45:01 ICT" skipped="0">
  <testcase classname="com.api.auto.testcaseNC.TC_API_CreateWorkNC" name="TC_01_Validate201Created" time="0.002"/>
  <system-out/>
  <testcase classname="com.api.auto.testcaseNC.TC_API_CreateWorkNC" name="TC_02_ValidateWorkId" time="0.002"/>
  <system-out/>
  <testcase classname="com.api.auto.testcaseNC.TC_API_CreateWorkNC" name="TC_03_ValidateNameOfWorkMatched" time="0.029"/>
  <system-out/>
  <testcase classname="com.api.auto.testcaseNC.TC_API_CreateWorkNC" name="TC_04_ValidateExperienceMatched" time="0.024"/>
  <system-out/>
  <testcase classname="com.api.auto.testcaseNC.TC_API_CreateWorkNC" name="TC_05_ValidateEducationMatched" time="0.033"/>
  <system-out/>
</testsuite> <!-- com.api.auto.testcaseNC.TC_API_CreateWorkNC -->
