<?xml version="1.0" encoding="UTF-8"?>
<!-- Generated by org.testng.reporters.JUnitReportReporter -->
<testsuite hostname="MacBook-Air-cua-huynh.local" failures="0" tests="2" name="Lab7DemoTest" time="40.021" errors="0" timestamp="2023-09-15T23:07:47 ICT" skipped="0">
  <testcase classname="Lab7DemoTest" name="TC01_LoginFirstAccount" time="22.528"/>
  <system-out/>
  <testcase classname="Lab7DemoTest" name="TC02_LoginSecondAccount" time="17.493"/>
  <system-out/>
</testsuite> <!-- Lab7DemoTest -->
